<?xml version="1.0" encoding="UTF-8"?>
<coverage generated="1524559696075" clover="3.2.0">
  <project timestamp="1524559696075" name="All files">
    <metrics statements="45" coveredstatements="32" conditionals="4" coveredconditionals="1" methods="14" coveredmethods="8" elements="63" coveredelements="41" complexity="0" loc="45" ncloc="45" packages="2" files="7" classes="7">
      <package name="client.src.components">
        <metrics statements="37" coveredstatements="24" conditionals="4" coveredconditionals="1" methods="13" coveredmethods="7"/>
        <file name="Booking.jsx" path="/Users/Pooja_Kodavanti/Desktop/sidebar/client/src/components/Booking.jsx">
          <metrics statements="3" coveredstatements="2" conditionals="0" coveredconditionals="0" methods="1" coveredmethods="0"/>
          <line num="4" count="1" type="stmt"/>
          <line num="6" count="0" type="stmt"/>
          <line num="14" count="1" type="stmt"/>
        </file>
        <file name="Contact.jsx" path="/Users/Pooja_Kodavanti/Desktop/sidebar/client/src/components/Contact.jsx">
          <metrics statements="7" coveredstatements="4" conditionals="0" coveredconditionals="0" methods="2" coveredmethods="2"/>
          <line num="6" count="3" type="stmt"/>
          <line num="11" count="3" type="stmt"/>
          <line num="12" count="3" type="stmt"/>
          <line num="13" count="0" type="stmt"/>
          <line num="14" count="0" type="stmt"/>
          <line num="16" count="0" type="stmt"/>
          <line num="58" count="2" type="stmt"/>
        </file>
        <file name="GMap.jsx" path="/Users/Pooja_Kodavanti/Desktop/sidebar/client/src/components/GMap.jsx">
          <metrics statements="4" coveredstatements="2" conditionals="0" coveredconditionals="0" methods="1" coveredmethods="0"/>
          <line num="3" count="1" type="stmt"/>
          <line num="4" count="0" type="stmt"/>
          <line num="6" count="0" type="stmt"/>
          <line num="22" count="1" type="stmt"/>
        </file>
        <file name="Hours.jsx" path="/Users/Pooja_Kodavanti/Desktop/sidebar/client/src/components/Hours.jsx">
          <metrics statements="3" coveredstatements="0" conditionals="0" coveredconditionals="0" methods="2" coveredmethods="0"/>
          <line num="11" count="0" type="stmt"/>
          <line num="13" count="0" type="stmt"/>
          <line num="33" count="0" type="stmt"/>
        </file>
        <file name="Menu.jsx" path="/Users/Pooja_Kodavanti/Desktop/sidebar/client/src/components/Menu.jsx">
          <metrics statements="3" coveredstatements="2" conditionals="0" coveredconditionals="0" methods="1" coveredmethods="0"/>
          <line num="4" count="1" type="stmt"/>
          <line num="6" count="0" type="stmt"/>
          <line num="14" count="1" type="stmt"/>
        </file>
        <file name="Sidebar.jsx" path="/Users/Pooja_Kodavanti/Desktop/sidebar/client/src/components/Sidebar.jsx">
          <metrics statements="17" coveredstatements="14" conditionals="4" coveredconditionals="1" methods="6" coveredmethods="5"/>
          <line num="8" count="1" type="stmt"/>
          <line num="14" count="3" type="stmt"/>
          <line num="16" count="3" type="stmt"/>
          <line num="21" count="3" type="stmt"/>
          <line num="24" count="3" type="stmt"/>
          <line num="29" count="3" type="stmt"/>
          <line num="30" count="3" type="stmt"/>
          <line num="31" count="3" type="stmt"/>
          <line num="32" count="3" type="stmt"/>
          <line num="34" count="0" type="stmt"/>
          <line num="40" count="3" type="stmt"/>
          <line num="44" count="3" type="stmt"/>
          <line num="45" count="3" type="cond" truecount="1" falsecount="1"/>
          <line num="46" count="3" type="stmt"/>
          <line num="48" count="0" type="cond" truecount="0" falsecount="2"/>
          <line num="49" count="0" type="stmt"/>
          <line num="78" count="1" type="stmt"/>
        </file>
      </package>
      <package name="database">
        <metrics statements="8" coveredstatements="8" conditionals="0" coveredconditionals="0" methods="1" coveredmethods="1"/>
        <file name="index.js" path="/Users/Pooja_Kodavanti/Desktop/sidebar/database/index.js">
          <metrics statements="8" coveredstatements="8" conditionals="0" coveredconditionals="0" methods="1" coveredmethods="1"/>
          <line num="1" count="1" type="stmt"/>
          <line num="2" count="1" type="stmt"/>
          <line num="4" count="1" type="stmt"/>
          <line num="5" count="1" type="stmt"/>
          <line num="6" count="1" type="stmt"/>
          <line num="10" count="1" type="stmt"/>
          <line num="28" count="1" type="stmt"/>
          <line num="30" count="1" type="stmt"/>
        </file>
      </package>
    </metrics>
  </project>
</coverage>
