{"/Users/Pooja_Kodavanti/Desktop/sidebar/client/src/components/Contact.jsx": {"path":"/Users/Pooja_Kodavanti/Desktop/sidebar/client/src/components/Contact.jsx","statementMap":{"0":{"start":{"line":6,"column":4},"end":{"line":6,"column":17}},"1":{"start":{"line":11,"column":14},"end":{"line":11,"column":39}},"2":{"start":{"line":12,"column":16},"end":{"line":12,"column":52}},"3":{"start":{"line":13,"column":18},"end":{"line":13,"column":117}},"4":{"start":{"line":14,"column":19},"end":{"line":14,"column":135}},"5":{"start":{"line":16,"column":4},"end":{"line":54,"column":5}},"6":{"start":{"line":58,"column":0},"end":{"line":58,"column":25}}},"fnMap":{"0":{"name":"(anonymous_0)","decl":{"start":{"line":5,"column":2},"end":{"line":5,"column":3}},"loc":{"start":{"line":5,"column":21},"end":{"line":7,"column":3}},"line":5},"1":{"name":"(anonymous_1)","decl":{"start":{"line":9,"column":2},"end":{"line":9,"column":3}},"loc":{"start":{"line":9,"column":11},"end":{"line":55,"column":3}},"line":9}},"branchMap":{},"s":{"0":3,"1":3,"2":3,"3":0,"4":0,"5":0,"6":1},"f":{"0":3,"1":3},"b":{},"_coverageSchema":"332fd63041d2c1bcb487cc26dd0d5f7d97098a6c","hash":"c6ad29c1019c2500ce3455cb38a1202e2e8c6789"}
,"/Users/Pooja_Kodavanti/Desktop/sidebar/database/index.js": {"path":"/Users/Pooja_Kodavanti/Desktop/sidebar/database/index.js","statementMap":{"0":{"start":{"line":1,"column":17},"end":{"line":1,"column":36}},"1":{"start":{"line":2,"column":0},"end":{"line":2,"column":56}},"2":{"start":{"line":4,"column":11},"end":{"line":4,"column":30}},"3":{"start":{"line":5,"column":0},"end":{"line":5,"column":65}},"4":{"start":{"line":6,"column":0},"end":{"line":8,"column":2}},"5":{"start":{"line":10,"column":21},"end":{"line":26,"column":4}},"6":{"start":{"line":28,"column":15},"end":{"line":28,"column":53}},"7":{"start":{"line":30,"column":0},"end":{"line":30,"column":24}}},"fnMap":{"0":{"name":"(anonymous_0)","decl":{"start":{"line":6,"column":16},"end":{"line":6,"column":17}},"loc":{"start":{"line":6,"column":22},"end":{"line":6,"column":24}},"line":6}},"branchMap":{},"s":{"0":1,"1":1,"2":1,"3":1,"4":1,"5":1,"6":1,"7":1},"f":{"0":1},"b":{},"_coverageSchema":"332fd63041d2c1bcb487cc26dd0d5f7d97098a6c","hash":"4520f6be31df693818b06660d67a9ff5519574d9"}
}
