{"/Users/Pooja_Kodavanti/Desktop/sidebar/client/src/components/Booking.jsx": {"path":"/Users/Pooja_Kodavanti/Desktop/sidebar/client/src/components/Booking.jsx","statementMap":{"0":{"start":{"line":4,"column":16},"end":{"line":11,"column":1}},"1":{"start":{"line":6,"column":2},"end":{"line":10,"column":3}},"2":{"start":{"line":14,"column":0},"end":{"line":14,"column":25}}},"fnMap":{"0":{"name":"(anonymous_0)","decl":{"start":{"line":4,"column":16},"end":{"line":4,"column":17}},"loc":{"start":{"line":4,"column":27},"end":{"line":11,"column":1}},"line":4}},"branchMap":{},"s":{"0":1,"1":0,"2":1},"f":{"0":0},"b":{},"_coverageSchema":"332fd63041d2c1bcb487cc26dd0d5f7d97098a6c","hash":"b7cd73df7d86cf9df1425dc941fc396d017b55e3"}
,"/Users/Pooja_Kodavanti/Desktop/sidebar/client/src/components/Contact.jsx": {"path":"/Users/Pooja_Kodavanti/Desktop/sidebar/client/src/components/Contact.jsx","statementMap":{"0":{"start":{"line":6,"column":4},"end":{"line":6,"column":17}},"1":{"start":{"line":11,"column":14},"end":{"line":11,"column":39}},"2":{"start":{"line":12,"column":16},"end":{"line":12,"column":52}},"3":{"start":{"line":13,"column":18},"end":{"line":13,"column":117}},"4":{"start":{"line":14,"column":19},"end":{"line":14,"column":135}},"5":{"start":{"line":16,"column":4},"end":{"line":54,"column":5}},"6":{"start":{"line":58,"column":0},"end":{"line":58,"column":25}}},"fnMap":{"0":{"name":"(anonymous_0)","decl":{"start":{"line":5,"column":2},"end":{"line":5,"column":3}},"loc":{"start":{"line":5,"column":21},"end":{"line":7,"column":3}},"line":5},"1":{"name":"(anonymous_1)","decl":{"start":{"line":9,"column":2},"end":{"line":9,"column":3}},"loc":{"start":{"line":9,"column":11},"end":{"line":55,"column":3}},"line":9}},"branchMap":{},"s":{"0":3,"1":3,"2":3,"3":0,"4":0,"5":0,"6":2},"f":{"0":3,"1":3},"b":{},"_coverageSchema":"332fd63041d2c1bcb487cc26dd0d5f7d97098a6c","hash":"c6ad29c1019c2500ce3455cb38a1202e2e8c6789"}
,"/Users/Pooja_Kodavanti/Desktop/sidebar/client/src/components/GMap.jsx": {"path":"/Users/Pooja_Kodavanti/Desktop/sidebar/client/src/components/GMap.jsx","statementMap":{"0":{"start":{"line":3,"column":13},"end":{"line":19,"column":1}},"1":{"start":{"line":4,"column":15},"end":{"line":4,"column":126}},"2":{"start":{"line":6,"column":2},"end":{"line":18,"column":3}},"3":{"start":{"line":22,"column":0},"end":{"line":22,"column":19}}},"fnMap":{"0":{"name":"(anonymous_0)","decl":{"start":{"line":3,"column":13},"end":{"line":3,"column":14}},"loc":{"start":{"line":3,"column":24},"end":{"line":19,"column":1}},"line":3}},"branchMap":{},"s":{"0":1,"1":0,"2":0,"3":1},"f":{"0":0},"b":{},"_coverageSchema":"332fd63041d2c1bcb487cc26dd0d5f7d97098a6c","hash":"13533c8eeaa5aaaa938051c0f1503bb2365bb88b"}
,"/Users/Pooja_Kodavanti/Desktop/sidebar/client/src/components/Hours.jsx": {"path":"/Users/Pooja_Kodavanti/Desktop/sidebar/client/src/components/Hours.jsx","statementMap":{"0":{"start":{"line":11,"column":4},"end":{"line":11,"column":17}},"1":{"start":{"line":13,"column":4},"end":{"line":15,"column":6}},"2":{"start":{"line":33,"column":3},"end":{"line":38,"column":4}}},"fnMap":{"0":{"name":"(anonymous_0)","decl":{"start":{"line":10,"column":2},"end":{"line":10,"column":3}},"loc":{"start":{"line":10,"column":21},"end":{"line":18,"column":3}},"line":10},"1":{"name":"(anonymous_1)","decl":{"start":{"line":32,"column":2},"end":{"line":32,"column":3}},"loc":{"start":{"line":32,"column":11},"end":{"line":39,"column":3}},"line":32}},"branchMap":{},"s":{"0":0,"1":0,"2":0},"f":{"0":0,"1":0},"b":{},"_coverageSchema":"332fd63041d2c1bcb487cc26dd0d5f7d97098a6c","hash":"7527d3f4116632c92fc8a367902a4389a9fc953d"}
,"/Users/Pooja_Kodavanti/Desktop/sidebar/client/src/components/Menu.jsx": {"path":"/Users/Pooja_Kodavanti/Desktop/sidebar/client/src/components/Menu.jsx","statementMap":{"0":{"start":{"line":4,"column":13},"end":{"line":11,"column":1}},"1":{"start":{"line":6,"column":2},"end":{"line":10,"column":3}},"2":{"start":{"line":14,"column":0},"end":{"line":14,"column":19}}},"fnMap":{"0":{"name":"(anonymous_0)","decl":{"start":{"line":4,"column":13},"end":{"line":4,"column":14}},"loc":{"start":{"line":4,"column":28},"end":{"line":11,"column":1}},"line":4}},"branchMap":{},"s":{"0":1,"1":0,"2":1},"f":{"0":0},"b":{},"_coverageSchema":"332fd63041d2c1bcb487cc26dd0d5f7d97098a6c","hash":"32b6c2d5f0bfccdba7d787e7d7fbe8ab79a17761"}
,"/Users/Pooja_Kodavanti/Desktop/sidebar/client/src/components/Sidebar.jsx": {"path":"/Users/Pooja_Kodavanti/Desktop/sidebar/client/src/components/Sidebar.jsx","statementMap":{"0":{"start":{"line":8,"column":14},"end":{"line":8,"column":30}},"1":{"start":{"line":14,"column":4},"end":{"line":14,"column":17}},"2":{"start":{"line":16,"column":4},"end":{"line":19,"column":6}},"3":{"start":{"line":21,"column":4},"end":{"line":21,"column":45}},"4":{"start":{"line":24,"column":4},"end":{"line":24,"column":20}},"5":{"start":{"line":29,"column":18},"end":{"line":29,"column":22}},"6":{"start":{"line":30,"column":4},"end":{"line":30,"column":37}},"7":{"start":{"line":31,"column":13},"end":{"line":31,"column":47}},"8":{"start":{"line":32,"column":4},"end":{"line":40,"column":38}},"9":{"start":{"line":34,"column":6},"end":{"line":37,"column":8}},"10":{"start":{"line":40,"column":20},"end":{"line":40,"column":36}},"11":{"start":{"line":44,"column":82},"end":{"line":44,"column":98}},"12":{"start":{"line":45,"column":4},"end":{"line":47,"column":5}},"13":{"start":{"line":46,"column":6},"end":{"line":46,"column":34}},"14":{"start":{"line":48,"column":4},"end":{"line":74,"column":5}},"15":{"start":{"line":49,"column":6},"end":{"line":73,"column":8}},"16":{"start":{"line":78,"column":0},"end":{"line":78,"column":25}}},"fnMap":{"0":{"name":"(anonymous_0)","decl":{"start":{"line":13,"column":2},"end":{"line":13,"column":3}},"loc":{"start":{"line":13,"column":21},"end":{"line":22,"column":3}},"line":13},"1":{"name":"(anonymous_1)","decl":{"start":{"line":23,"column":2},"end":{"line":23,"column":3}},"loc":{"start":{"line":23,"column":22},"end":{"line":26,"column":3}},"line":23},"2":{"name":"(anonymous_2)","decl":{"start":{"line":28,"column":2},"end":{"line":28,"column":3}},"loc":{"start":{"line":28,"column":13},"end":{"line":41,"column":3}},"line":28},"3":{"name":"(anonymous_3)","decl":{"start":{"line":33,"column":10},"end":{"line":33,"column":11}},"loc":{"start":{"line":33,"column":19},"end":{"line":39,"column":5}},"line":33},"4":{"name":"(anonymous_4)","decl":{"start":{"line":40,"column":11},"end":{"line":40,"column":12}},"loc":{"start":{"line":40,"column":20},"end":{"line":40,"column":36}},"line":40},"5":{"name":"(anonymous_5)","decl":{"start":{"line":43,"column":2},"end":{"line":43,"column":3}},"loc":{"start":{"line":43,"column":11},"end":{"line":75,"column":3}},"line":43}},"branchMap":{"0":{"loc":{"start":{"line":45,"column":4},"end":{"line":47,"column":5}},"type":"if","locations":[{"start":{"line":45,"column":4},"end":{"line":47,"column":5}},{"start":{"line":45,"column":4},"end":{"line":47,"column":5}}],"line":45},"1":{"loc":{"start":{"line":48,"column":4},"end":{"line":74,"column":5}},"type":"if","locations":[{"start":{"line":48,"column":4},"end":{"line":74,"column":5}},{"start":{"line":48,"column":4},"end":{"line":74,"column":5}}],"line":48}},"s":{"0":1,"1":3,"2":3,"3":3,"4":3,"5":3,"6":3,"7":3,"8":3,"9":0,"10":3,"11":3,"12":3,"13":3,"14":0,"15":0,"16":1},"f":{"0":3,"1":3,"2":3,"3":0,"4":3,"5":3},"b":{"0":[3,0],"1":[0,0]},"_coverageSchema":"332fd63041d2c1bcb487cc26dd0d5f7d97098a6c","hash":"f235cc9b0cab361f1c63bc24d1a34d6386ce99bc"}
,"/Users/Pooja_Kodavanti/Desktop/sidebar/database/index.js": {"path":"/Users/Pooja_Kodavanti/Desktop/sidebar/database/index.js","statementMap":{"0":{"start":{"line":1,"column":17},"end":{"line":1,"column":36}},"1":{"start":{"line":2,"column":0},"end":{"line":2,"column":56}},"2":{"start":{"line":4,"column":11},"end":{"line":4,"column":30}},"3":{"start":{"line":5,"column":0},"end":{"line":5,"column":65}},"4":{"start":{"line":6,"column":0},"end":{"line":8,"column":2}},"5":{"start":{"line":10,"column":21},"end":{"line":26,"column":4}},"6":{"start":{"line":28,"column":15},"end":{"line":28,"column":53}},"7":{"start":{"line":30,"column":0},"end":{"line":30,"column":24}}},"fnMap":{"0":{"name":"(anonymous_0)","decl":{"start":{"line":6,"column":16},"end":{"line":6,"column":17}},"loc":{"start":{"line":6,"column":22},"end":{"line":6,"column":24}},"line":6}},"branchMap":{},"s":{"0":1,"1":1,"2":1,"3":1,"4":1,"5":1,"6":1,"7":1},"f":{"0":1},"b":{},"_coverageSchema":"332fd63041d2c1bcb487cc26dd0d5f7d97098a6c","hash":"4520f6be31df693818b06660d67a9ff5519574d9"}
}
