TN:
SF:/Users/Pooja_Kodavanti/Desktop/sidebar/client/src/components/Booking.jsx
FN:4,(anonymous_0)
FNF:1
FNH:0
FNDA:0,(anonymous_0)
DA:4,1
DA:6,0
DA:14,1
LF:3
LH:2
BRF:0
BRH:0
end_of_record
TN:
SF:/Users/Pooja_Kodavanti/Desktop/sidebar/client/src/components/Contact.jsx
FN:5,(anonymous_0)
FN:9,(anonymous_1)
FNF:2
FNH:2
FNDA:3,(anonymous_0)
FNDA:3,(anonymous_1)
DA:6,3
DA:11,3
DA:12,3
DA:13,0
DA:14,0
DA:16,0
DA:58,2
LF:7
LH:4
BRF:0
BRH:0
end_of_record
TN:
SF:/Users/Pooja_Kodavanti/Desktop/sidebar/client/src/components/GMap.jsx
FN:3,(anonymous_0)
FNF:1
FNH:0
FNDA:0,(anonymous_0)
DA:3,1
DA:4,0
DA:6,0
DA:22,1
LF:4
LH:2
BRF:0
BRH:0
end_of_record
TN:
SF:/Users/Pooja_Kodavanti/Desktop/sidebar/client/src/components/Hours.jsx
FN:10,(anonymous_0)
FN:32,(anonymous_1)
FNF:2
FNH:0
FNDA:0,(anonymous_0)
FNDA:0,(anonymous_1)
DA:11,0
DA:13,0
DA:33,0
LF:3
LH:0
BRF:0
BRH:0
end_of_record
TN:
SF:/Users/Pooja_Kodavanti/Desktop/sidebar/client/src/components/Menu.jsx
FN:4,(anonymous_0)
FNF:1
FNH:0
FNDA:0,(anonymous_0)
DA:4,1
DA:6,0
DA:14,1
LF:3
LH:2
BRF:0
BRH:0
end_of_record
TN:
SF:/Users/Pooja_Kodavanti/Desktop/sidebar/client/src/components/Sidebar.jsx
FN:13,(anonymous_0)
FN:23,(anonymous_1)
FN:28,(anonymous_2)
FN:33,(anonymous_3)
FN:40,(anonymous_4)
FN:43,(anonymous_5)
FNF:6
FNH:5
FNDA:3,(anonymous_0)
FNDA:3,(anonymous_1)
FNDA:3,(anonymous_2)
FNDA:0,(anonymous_3)
FNDA:3,(anonymous_4)
FNDA:3,(anonymous_5)
DA:8,1
DA:14,3
DA:16,3
DA:21,3
DA:24,3
DA:29,3
DA:30,3
DA:31,3
DA:32,3
DA:34,0
DA:40,3
DA:44,3
DA:45,3
DA:46,3
DA:48,0
DA:49,0
DA:78,1
LF:17
LH:14
BRDA:45,0,0,3
BRDA:45,0,1,0
BRDA:48,1,0,0
BRDA:48,1,1,0
BRF:4
BRH:1
end_of_record
TN:
SF:/Users/Pooja_Kodavanti/Desktop/sidebar/database/index.js
FN:6,(anonymous_0)
FNF:1
FNH:1
FNDA:1,(anonymous_0)
DA:1,1
DA:2,1
DA:4,1
DA:5,1
DA:6,1
DA:10,1
DA:28,1
DA:30,1
LF:8
LH:8
BRF:0
BRH:0
end_of_record
